2014-01-24 12:33:52,128 [Camel thread 10: Threads] DEBUG t.a.c.e.d.c.LoadSystemProperties - IN LoadSystemProperties
2014-01-24 12:33:52,719 [Camel thread 10: Threads] DEBUG t.a.c.e.d.c.LoadSystemProperties - OUT LoadSystemProperties
2014-01-24 12:33:52,719 [Camel thread 10: Threads] DEBUG t.a.c.e.d.o.CheckIfExistingMin - IN CheckIfExistingMin
2014-01-24 12:33:52,721 [Camel thread 10: Threads] DEBUG t.a.c.e.d.o.CheckIfExistingMin - getConnection
2014-01-24 12:33:52,951 [Camel thread 10: Threads] DEBUG t.a.c.e.d.o.CheckIfExistingMin - OUT CheckIfExistingMin
2014-01-24 12:33:52,952 [Camel thread 10: Threads] DEBUG t.a.c.e.d.a.CheckIfLastSmsEqualsStop - IN CheckIfLastSmsEqualsStop
2014-01-24 12:33:52,952 [Camel thread 10: Threads] DEBUG t.a.c.e.d.a.CheckIfLastSmsEqualsStop - getConnection
2014-01-24 12:33:52,959 [Camel thread 10: Threads] DEBUG t.a.c.e.d.a.CheckIfLastSmsEqualsStop - executeUpdate
2014-01-24 12:33:52,959 [Camel thread 10: Threads] DEBUG t.a.c.e.d.a.CheckIfLastSmsEqualsStop - OUT CheckIfLastSmsEqualsStop
2014-01-24 12:33:52,959 [Camel thread 10: Threads] DEBUG t.a.c.e.d.a.CheckIfActiveOffer - IN CheckIfActiveOffer
2014-01-24 12:33:52,960 [Camel thread 10: Threads] DEBUG t.a.c.e.d.a.CheckIfActiveOffer - getConnection
2014-01-24 12:33:52,965 [Camel thread 10: Threads] DEBUG t.a.c.e.d.a.CheckIfActiveOffer - getOfferData
2014-01-24 12:33:52,966 [Camel thread 10: Threads] DEBUG t.a.c.e.d.a.CheckIfActiveOffer - OUT CheckIfActiveOffer
2014-01-24 12:33:52,966 [Camel thread 10: Threads] DEBUG t.a.c.e.d.l.DataManagement - IN get_low_Balance_Info
2014-01-24 12:33:53,003 [Camel thread 10: Threads] DEBUG t.a.c.e.d.l.DataManagement - getNotificationInfo
2014-01-24 12:33:53,004 [Camel thread 10: Threads] DEBUG t.a.c.e.d.l.DataManagement - getControlInfo
2014-01-24 12:33:53,060 [Camel thread 10: Threads] DEBUG t.a.c.e.d.l.DataManagement - OUT get_low_Balance_Info
2014-01-24 12:33:53,383 [Camel thread 10: Threads] DEBUG t.a.c.e.d.o.IDataToXmlConverterOffer - IN DataToXmlOffer
2014-01-24 12:33:53,398 [Camel thread 10: Threads] DEBUG t.a.c.e.d.o.IDataToXmlConverterOffer - OUT DataToXmlOffer
2014-01-24 12:33:53,398 [Camel thread 10: Threads] DEBUG t.a.c.e.d.l.DecisionRouting - IN IsOfferEligible
2014-01-24 12:33:53,398 [Camel thread 10: Threads] DEBUG t.a.c.e.d.l.DecisionRouting - OUT IsOfferEligible
2014-01-24 12:33:53,398 [Camel thread 10: Threads] DEBUG t.a.c.e.d.o.OfferCreation - IN OfferCreation
2014-01-24 12:33:53,399 [Camel thread 10: Threads] DEBUG t.a.c.e.d.o.OfferCreation - getConnection
2014-01-24 12:33:53,416 [Camel thread 10: Threads] DEBUG t.a.c.e.d.o.OfferCreation - createOffer
2014-01-24 12:33:53,419 [Camel thread 10: Threads] DEBUG t.a.c.e.d.o.OfferCreation - updateLowBalanceInfo
2014-01-24 12:33:53,434 [Camel thread 10: Threads] DEBUG t.a.c.e.d.o.OfferCreation - OUT OfferCreation
2014-01-24 12:33:53,434 [Camel thread 10: Threads] DEBUG t.a.c.e.d.c.GenericPrepareTemplate - IN GenericPrepareTemplate
2014-01-24 12:33:53,568 [Camel thread 10: Threads] DEBUG t.a.c.e.d.c.GenericPrepareTemplate - OUT GenericPrepareTemplate
2014-01-24 12:33:53,955 [Camel thread 10: Threads] DEBUG t.a.c.e.d.c.PrepareSMS - IN GenericPrepareSMS
2014-01-24 12:33:53,997 [Camel thread 10: Threads] DEBUG t.a.c.e.d.c.PrepareSMS - OUT GenericPrepareSMS
2014-01-24 12:33:54,000 [Camel thread 10: Threads] DEBUG t.a.c.e.d.c.EmptyScript - IN SendSMS
2014-01-24 12:33:54,301 [Camel thread 10: Threads] DEBUG t.a.c.e.d.c.EmptyScript - sendSMS Bind
2014-01-24 12:33:54,447 [Camel thread 10: Threads] DEBUG t.a.c.e.d.c.EmptyScript - Send SMS
2014-01-24 12:33:54,447 [Camel thread 10: Threads] DEBUG t.a.c.e.d.c.EmptyScript - OUT SendSMS
2014-01-24 12:33:54,561 [Camel thread 10: Threads] DEBUG t.a.c.e.d.lowbal.updateDB - IN updateDB
2014-01-24 12:33:54,562 [Camel thread 10: Threads] DEBUG t.a.c.e.d.lowbal.updateDB - getConnection
2014-01-24 12:33:54,565 [Camel thread 10: Threads] DEBUG t.a.c.e.d.lowbal.updateDB - updateLowBalanceInfo
2014-01-24 12:33:54,566 [Camel thread 10: Threads] DEBUG t.a.c.e.d.lowbal.updateDB - updateOfferStatus
2014-01-24 12:33:54,567 [Camel thread 10: Threads] DEBUG t.a.c.e.d.lowbal.updateDB - OUT updateDB
2014-01-24 12:34:21,183 [Camel thread 10: Threads] DEBUG t.a.c.e.d.c.LoadSystemProperties - IN LoadSystemProperties
2014-01-24 12:34:21,185 [Camel thread 10: Threads] DEBUG t.a.c.e.d.c.LoadSystemProperties - OUT LoadSystemProperties
2014-01-24 12:34:21,186 [Camel thread 10: Threads] DEBUG t.a.c.e.d.c.ProcessSms - IN ProcessSms
2014-01-24 12:34:21,197 [Camel thread 10: Threads] DEBUG t.a.c.e.d.c.ProcessSms - getConnection
2014-01-24 12:34:21,340 [Camel thread 10: Threads] DEBUG t.a.c.e.d.c.ProcessSms - updateOffer
2014-01-24 12:34:21,345 [Camel thread 10: Threads] DEBUG t.a.c.e.d.c.ProcessSms - getOfferData
2014-01-24 12:34:21,347 [Camel thread 10: Threads] DEBUG t.a.c.e.d.c.ProcessSms - getLowBalanceInfo
2014-01-24 12:34:21,347 [Camel thread 10: Threads] DEBUG t.a.c.e.d.c.ProcessSms - OUT ProcessSms
2014-01-24 12:34:21,347 [Camel thread 10: Threads] DEBUG t.a.c.e.d.a.CheckSMSAnswer - IN CheckSMSAnswer
2014-01-24 12:34:21,347 [Camel thread 10: Threads] DEBUG t.a.c.e.d.a.CheckSMSAnswer - OUT CheckSMSAnswer
2014-01-24 12:34:21,348 [Camel thread 10: Threads] DEBUG t.a.c.e.d.o.UpdateOfferAcceptFlag - IN UpdateOfferAcceptFlag
2014-01-24 12:34:21,348 [Camel thread 10: Threads] DEBUG t.a.c.e.d.o.UpdateOfferAcceptFlag - getConnection
2014-01-24 12:34:21,351 [Camel thread 10: Threads] DEBUG t.a.c.e.d.o.UpdateOfferAcceptFlag - updateOffer
2014-01-24 12:34:21,351 [Camel thread 10: Threads] DEBUG t.a.c.e.d.o.UpdateOfferAcceptFlag - OUT UpdateOfferAcceptFlag
2014-01-24 12:34:21,351 [Camel thread 10: Threads] DEBUG t.a.c.e.d.c.PrepareBillingCall - IN PrepareBillingCall
2014-01-24 12:34:21,352 [Camel thread 10: Threads] DEBUG t.a.c.e.d.c.PrepareBillingCall - OUT PrepareBillingCall
2014-01-24 12:34:21,352 [Camel thread 10: Threads] DEBUG t.a.c.e.d.c.GenericPrepareTemplate - IN GenericPrepareTemplate
2014-01-24 12:34:21,358 [Camel thread 10: Threads] DEBUG t.a.c.e.d.c.GenericPrepareTemplate - OUT GenericPrepareTemplate
2014-01-24 12:34:21,498 [Camel thread 12: Threads] DEBUG t.a.c.e.d.c.LoadSystemProperties - IN LoadSystemProperties
2014-01-24 12:34:21,499 [Camel thread 12: Threads] DEBUG t.a.c.e.d.c.LoadSystemProperties - OUT LoadSystemProperties
2014-01-24 12:34:21,501 [Camel thread 12: Threads] DEBUG t.a.c.e.d.b.GetSessionInfo - OUT GetSessionInfo
2014-01-24 12:34:21,502 [Camel thread 12: Threads] DEBUG t.a.c.e.d.b.ExistsSession - IN ExistsSession
2014-01-24 12:34:21,502 [Camel thread 12: Threads] DEBUG t.a.c.e.d.b.ExistsSession - OUT ExistsSession
2014-01-24 12:34:21,502 [Camel thread 12: Threads] DEBUG t.a.c.e.d.b.AddBalanceHeaders - IN AddBalanceHeaders
2014-01-24 12:34:21,502 [Camel thread 12: Threads] DEBUG t.a.c.e.d.b.AddBalanceHeaders - OUT AddBalanceHeaders
2014-01-24 12:34:21,502 [Camel thread 12: Threads] DEBUG t.a.c.e.d.c.GenericPrepareTemplate - IN GenericPrepareTemplate
2014-01-24 12:34:21,507 [Camel thread 12: Threads] DEBUG t.a.c.e.d.c.GenericPrepareTemplate - OUT GenericPrepareTemplate
2014-01-24 12:34:22,575 [Camel thread 10: Threads] DEBUG t.a.c.e.d.b.IsBillingOperationSuccessfull - IN IsBillingOperationSuccessfull
2014-01-24 12:34:22,576 [Camel thread 10: Threads] DEBUG t.a.c.e.d.b.IsBillingOperationSuccessfull - OUT IsBillingOperationSuccessfull
2014-01-24 12:34:22,576 [Camel thread 10: Threads] DEBUG t.a.c.e.d.b.CreateTransaction - IN CreateTransaction
2014-01-24 12:34:22,576 [Camel thread 10: Threads] DEBUG t.a.c.e.d.b.CreateTransaction - getConnection
2014-01-24 12:34:22,586 [Camel thread 10: Threads] DEBUG t.a.c.e.d.b.CreateTransaction - OUT CreateTransaction
2014-01-24 12:34:22,586 [Camel thread 10: Threads] DEBUG t.a.c.e.d.o.UpdateOfferAcceptFlag - IN UpdateProductStatus
2014-01-24 12:34:22,587 [Camel thread 10: Threads] DEBUG t.a.c.e.d.o.UpdateOfferAcceptFlag - getConnection
2014-01-24 12:34:22,589 [Camel thread 10: Threads] DEBUG t.a.c.e.d.o.UpdateOfferAcceptFlag - updateProductStatus
2014-01-24 12:34:22,589 [Camel thread 10: Threads] DEBUG t.a.c.e.d.o.UpdateOfferAcceptFlag - OUT UpdateProductStatus
2014-01-24 12:34:22,589 [Camel thread 10: Threads] DEBUG t.a.c.e.d.o.updateOfferStatus - IN UpdateOfferStatus
2014-01-24 12:34:22,589 [Camel thread 10: Threads] DEBUG t.a.c.e.d.o.updateOfferStatus - getConnection
2014-01-24 12:34:22,593 [Camel thread 10: Threads] DEBUG t.a.c.e.d.o.updateOfferStatus - updateOfferStatusbd
2014-01-24 12:34:22,593 [Camel thread 10: Threads] DEBUG t.a.c.e.d.o.updateOfferStatus - OUT UpdateOfferStatus
2014-01-24 12:34:31,438 [Camel thread 11: Threads] DEBUG t.a.c.e.d.t.MapInputsReimb - IN MapInputsReimb
2014-01-24 12:34:31,438 [Camel thread 11: Threads] DEBUG t.a.c.e.d.t.MapInputsReimb - OUT MapInputsReimb
2014-01-24 12:34:31,438 [Camel thread 11: Threads] DEBUG t.a.c.e.d.t.GetTopUpNotificationInfo - IN GetTopUpNotificationInfo
2014-01-24 12:34:31,471 [Camel thread 11: Threads] DEBUG t.a.c.e.d.t.GetTopUpNotificationInfo - getNotificationInfo
2014-01-24 12:34:31,514 [Camel thread 11: Threads] DEBUG t.a.c.e.d.t.GetTopUpNotificationInfo - buildData
2014-01-24 12:34:31,514 [Camel thread 11: Threads] DEBUG t.a.c.e.d.t.GetTopUpNotificationInfo - OUT GetTopUpNotificationInfo
2014-01-24 12:34:31,514 [Camel thread 11: Threads] DEBUG t.a.c.e.d.topup.ExistsDaa - IN ExistsDaa
2014-01-24 12:34:31,514 [Camel thread 11: Threads] DEBUG t.a.c.e.d.topup.ExistsDaa - OUT ExistsDaa
2014-01-24 12:34:31,514 [Camel thread 11: Threads] DEBUG t.a.c.e.d.topup.ExistsDaa - OUT ExistsDaa
2014-01-24 12:34:31,515 [Camel thread 11: Threads] DEBUG t.a.c.e.d.t.LogTransaction - IN LogTransaction
2014-01-24 12:34:31,515 [Camel thread 11: Threads] DEBUG t.a.c.e.d.t.LogTransaction - getConnection
2014-01-24 12:34:31,519 [Camel thread 11: Threads] DEBUG t.a.c.e.d.t.LogTransaction - updateTopUpNotification
2014-01-24 12:34:31,519 [Camel thread 11: Threads] DEBUG t.a.c.e.d.t.LogTransaction - OUT LogTransaction
2014-01-24 12:34:39,339 [Camel thread 10: Threads] DEBUG t.a.c.e.d.t.MapInputsReimb - IN MapInputsReimb
2014-01-24 12:34:39,339 [Camel thread 10: Threads] DEBUG t.a.c.e.d.t.MapInputsReimb - OUT MapInputsReimb
2014-01-24 12:34:39,339 [Camel thread 10: Threads] DEBUG t.a.c.e.d.t.GetTopUpNotificationInfo - IN GetTopUpNotificationInfo
2014-01-24 12:34:39,355 [Camel thread 10: Threads] DEBUG t.a.c.e.d.t.GetTopUpNotificationInfo - getNotificationInfo
2014-01-24 12:34:39,359 [Camel thread 10: Threads] DEBUG t.a.c.e.d.t.GetTopUpNotificationInfo - buildData
2014-01-24 12:34:39,359 [Camel thread 10: Threads] DEBUG t.a.c.e.d.t.GetTopUpNotificationInfo - OUT GetTopUpNotificationInfo
2014-01-24 12:34:39,359 [Camel thread 10: Threads] DEBUG t.a.c.e.d.topup.ExistsDaa - IN ExistsDaa
2014-01-24 12:34:39,359 [Camel thread 10: Threads] DEBUG t.a.c.e.d.topup.ExistsDaa - OUT ExistsDaa
2014-01-24 12:34:39,359 [Camel thread 10: Threads] DEBUG t.a.c.e.d.topup.ExistsDaa - OUT ExistsDaa
2014-01-24 12:34:39,359 [Camel thread 10: Threads] DEBUG t.a.c.e.d.t.LogTransaction - IN LogTransaction
2014-01-24 12:34:39,359 [Camel thread 10: Threads] DEBUG t.a.c.e.d.t.LogTransaction - getConnection
2014-01-24 12:34:39,361 [Camel thread 10: Threads] DEBUG t.a.c.e.d.t.LogTransaction - updateTopUpNotification
2014-01-24 12:34:39,361 [Camel thread 10: Threads] DEBUG t.a.c.e.d.t.LogTransaction - OUT LogTransaction
